2023-08-29 13:16:36,831 INFO o.a.j.u.JMeterUtils: Setting Locale to en_EN
2023-08-29 13:16:36,840 INFO o.a.j.JMeter: Loading user properties from: /Users/katiashki/Desktop/EDUCATION/apache-jmeter-5.6.2/bin/user.properties
2023-08-29 13:16:36,841 INFO o.a.j.JMeter: Loading system properties from: /Users/katiashki/Desktop/EDUCATION/apache-jmeter-5.6.2/bin/system.properties
2023-08-29 13:16:36,843 INFO o.a.j.JMeter: Copyright (c) 1998-2023 The Apache Software Foundation
2023-08-29 13:16:36,843 INFO o.a.j.JMeter: Version 5.6.2
2023-08-29 13:16:36,843 INFO o.a.j.JMeter: java.version=20.0.1
2023-08-29 13:16:36,843 INFO o.a.j.JMeter: java.vm.name=OpenJDK 64-Bit Server VM
2023-08-29 13:16:36,843 INFO o.a.j.JMeter: os.name=Mac OS X
2023-08-29 13:16:36,843 INFO o.a.j.JMeter: os.arch=aarch64
2023-08-29 13:16:36,843 INFO o.a.j.JMeter: os.version=13.5
2023-08-29 13:16:36,843 INFO o.a.j.JMeter: file.encoding=UTF-8
2023-08-29 13:16:36,843 INFO o.a.j.JMeter: java.awt.headless=true
2023-08-29 13:16:36,843 INFO o.a.j.JMeter: Max memory     =1073741824
2023-08-29 13:16:36,843 INFO o.a.j.JMeter: Available Processors =8
2023-08-29 13:16:36,849 INFO o.a.j.JMeter: Default Locale=English (EN)
2023-08-29 13:16:36,849 INFO o.a.j.JMeter: JMeter  Locale=English (EN)
2023-08-29 13:16:36,849 INFO o.a.j.JMeter: JMeterHome=/Users/katiashki/Desktop/EDUCATION/apache-jmeter-5.6.2
2023-08-29 13:16:36,849 INFO o.a.j.JMeter: user.dir  =/Users/katiashki/Desktop/GIT/L23/Завдання_1
2023-08-29 13:16:36,849 INFO o.a.j.JMeter: PWD       =/Users/katiashki/Desktop/GIT/L23/Завдання_1
2023-08-29 13:16:36,851 INFO o.a.j.JMeter: IP: 127.0.0.1 Name: MacBook-Pro-Kateryna.local FullName: localhost
2023-08-29 13:16:36,856 INFO o.a.j.JMeter: Setting property 'jmeter.reportgenerator.outputdir' to:'/Users/katiashki/Desktop/SummaryReport'
2023-08-29 13:16:36,857 INFO o.a.j.r.d.ReportGenerator: ReportGenerator will use for Parsing the separator: ','
2023-08-29 13:16:36,858 INFO o.a.j.r.d.ReportGenerator: Will only generate report from results file: /Users/katiashki/Desktop/SummaryReport.jtl
2023-08-29 13:16:36,858 INFO o.a.j.r.d.ReportGenerator: Reading report generator properties from: /Users/katiashki/Desktop/EDUCATION/apache-jmeter-5.6.2/bin/reportgenerator.properties
2023-08-29 13:16:36,859 INFO o.a.j.r.d.ReportGenerator: Merging with JMeter properties
2023-08-29 13:16:36,861 INFO o.a.j.r.c.ReportGeneratorConfiguration: Property 'jmeter.reportgenerator.temp_dir' not found, using default value 'temp' instead.
2023-08-29 13:16:36,862 INFO o.a.j.r.c.ReportGeneratorConfiguration: Property 'jmeter.reportgenerator.apdex_per_transaction' not found, using default value 'null' instead.
2023-08-29 13:16:36,865 INFO o.a.j.r.c.ReportGeneratorConfiguration: apdex_per_transaction is empty, not APDEX per transaction customization
2023-08-29 13:16:36,865 INFO o.a.j.r.c.ReportGeneratorConfiguration: Property 'jmeter.reportgenerator.sample_filter' not found, using default value 'null' instead.
2023-08-29 13:16:36,865 INFO o.a.j.r.c.ReportGeneratorConfiguration: Property 'jmeter.reportgenerator.report_title' not found, using default value 'null' instead.
2023-08-29 13:16:36,865 INFO o.a.j.r.c.ReportGeneratorConfiguration: Property 'jmeter.reportgenerator.start_date' not found, using default value 'null' instead.
2023-08-29 13:16:36,866 INFO o.a.j.r.c.ReportGeneratorConfiguration: Property 'jmeter.reportgenerator.end_date' not found, using default value 'null' instead.
2023-08-29 13:16:36,866 INFO o.a.j.r.c.ReportGeneratorConfiguration: Property 'jmeter.reportgenerator.date_format' not found, using default value 'null' instead.
2023-08-29 13:16:36,867 INFO o.a.j.r.c.ReportGeneratorConfiguration: Will use date range start date: null, end date: null
2023-08-29 13:16:36,869 INFO o.a.j.r.c.ReportGeneratorConfiguration: Property 'jmeter.reportgenerator.graph.totalTPS.exclude_controllers' not found, using default value 'false' instead.
2023-08-29 13:16:36,869 INFO o.a.j.r.c.ReportGeneratorConfiguration: Property 'jmeter.reportgenerator.graph.activeThreadsOverTime.exclude_controllers' not found, using default value 'false' instead.
2023-08-29 13:16:36,869 INFO o.a.j.r.c.ReportGeneratorConfiguration: Property 'jmeter.reportgenerator.graph.timeVsThreads.exclude_controllers' not found, using default value 'false' instead.
2023-08-29 13:16:36,869 INFO o.a.j.r.c.ReportGeneratorConfiguration: Property 'jmeter.reportgenerator.graph.responseTimeDistribution.exclude_controllers' not found, using default value 'false' instead.
2023-08-29 13:16:36,869 INFO o.a.j.r.c.ReportGeneratorConfiguration: Property 'jmeter.reportgenerator.graph.transactionsPerSecond.exclude_controllers' not found, using default value 'false' instead.
2023-08-29 13:16:36,870 INFO o.a.j.r.c.ReportGeneratorConfiguration: Property 'jmeter.reportgenerator.graph.responseTimePercentiles.exclude_controllers' not found, using default value 'false' instead.
2023-08-29 13:16:36,870 INFO o.a.j.r.c.ReportGeneratorConfiguration: Property 'jmeter.reportgenerator.graph.responseTimePercentilesOverTime.exclude_controllers' not found, using default value 'false' instead.
2023-08-29 13:16:36,870 INFO o.a.j.r.c.ReportGeneratorConfiguration: Property 'jmeter.reportgenerator.graph.responseTimesOverTime.exclude_controllers' not found, using default value 'false' instead.
2023-08-29 13:16:36,870 INFO o.a.j.r.c.ReportGeneratorConfiguration: Property 'jmeter.reportgenerator.graph.connectTimeOverTime.exclude_controllers' not found, using default value 'false' instead.
2023-08-29 13:16:36,870 INFO o.a.j.r.c.ReportGeneratorConfiguration: Property 'jmeter.reportgenerator.graph.latenciesOverTime.exclude_controllers' not found, using default value 'false' instead.
2023-08-29 13:16:36,870 INFO o.a.j.r.c.ReportGeneratorConfiguration: Property 'jmeter.reportgenerator.exporter.json.filters_only_sample_series' not found, using default value 'true' instead.
2023-08-29 13:16:36,870 INFO o.a.j.r.c.ReportGeneratorConfiguration: Property 'jmeter.reportgenerator.exporter.json.series_filter' not found, using default value '' instead.
2023-08-29 13:16:36,870 INFO o.a.j.r.c.ReportGeneratorConfiguration: Property 'jmeter.reportgenerator.exporter.json.show_controllers_only' not found, using default value 'false' instead.
2023-08-29 13:16:36,870 INFO o.a.j.r.c.ReportGeneratorConfiguration: Property 'jmeter.reportgenerator.exporter.html.filters_only_sample_series' not found, using default value 'true' instead.
2023-08-29 13:16:36,870 INFO o.a.j.r.c.ReportGeneratorConfiguration: Property 'jmeter.reportgenerator.exporter.html.series_filter' not found, using default value '' instead.
2023-08-29 13:16:36,871 INFO o.a.j.r.c.ReportGeneratorConfiguration: Property 'jmeter.reportgenerator.exporter.html.show_controllers_only' not found, using default value 'false' instead.
2023-08-29 13:16:36,962 INFO o.a.j.s.SaveService: Testplan (JMX) version: 2.2. Testlog (JTL) version: 2.2
2023-08-29 13:16:36,974 INFO o.a.j.s.SaveService: Using SaveService properties version 5.0
2023-08-29 13:16:36,975 INFO o.a.j.s.SaveService: Using SaveService properties file encoding UTF-8
2023-08-29 13:16:36,986 INFO o.a.j.r.p.NormalizerSampleConsumer: Using format, 'ms', to parse timeStamp field
2023-08-29 13:16:37,010 INFO o.a.j.r.p.AbstractSampleConsumer: class org.apache.jmeter.report.processor.AggregateConsumer#stopProducing(): beginDate produced 0 samples
2023-08-29 13:16:37,010 INFO o.a.j.r.p.AbstractSampleConsumer: class org.apache.jmeter.report.processor.AggregateConsumer#stopProducing(): endDate produced 0 samples
2023-08-29 13:16:37,011 INFO o.a.j.r.p.AbstractSampleConsumer: class org.apache.jmeter.report.processor.ApdexSummaryConsumer#stopProducing(): apdexSummary produced 0 samples
2023-08-29 13:16:37,011 INFO o.a.j.r.p.AbstractSampleConsumer: class org.apache.jmeter.report.processor.RequestsSummaryConsumer#stopProducing(): requestsSummary produced 0 samples
2023-08-29 13:16:37,014 INFO o.a.j.r.p.AbstractSampleConsumer: class org.apache.jmeter.report.processor.StatisticsSummaryConsumer#stopProducing(): statisticsSummary produced 0 samples
2023-08-29 13:16:37,015 INFO o.a.j.r.p.AbstractSampleConsumer: class org.apache.jmeter.report.processor.Top5ErrorsBySamplerConsumer#stopProducing(): top5ErrorsBySampler produced 0 samples
2023-08-29 13:16:37,015 INFO o.a.j.r.p.AbstractSampleConsumer: class org.apache.jmeter.report.processor.ErrorsSummaryConsumer#stopProducing(): errorsSummary produced 0 samples
2023-08-29 13:16:37,015 INFO o.a.j.r.p.AbstractSampleConsumer: class org.apache.jmeter.report.processor.graph.impl.HitsPerSecondGraphConsumer#stopProducing(): hitsPerSecond produced 0 samples
2023-08-29 13:16:37,022 INFO o.a.j.r.p.AbstractSampleConsumer: class org.apache.jmeter.report.processor.graph.impl.LatencyVSRequestGraphConsumer#stopProducing(): latencyVsRequest produced 0 samples
2023-08-29 13:16:37,022 INFO o.a.j.r.p.AbstractSampleConsumer: class org.apache.jmeter.report.processor.graph.impl.SyntheticResponseTimeDistributionGraphConsumer#stopProducing(): syntheticResponseTimeDistribution produced 0 samples
2023-08-29 13:16:37,022 INFO o.a.j.r.p.AbstractSampleConsumer: class org.apache.jmeter.report.processor.graph.impl.BytesThroughputGraphConsumer#stopProducing(): bytesThroughputOverTime produced 0 samples
2023-08-29 13:16:37,022 INFO o.a.j.r.p.AbstractSampleConsumer: class org.apache.jmeter.report.processor.graph.impl.CodesPerSecondGraphConsumer#stopProducing(): codesPerSecond produced 0 samples
2023-08-29 13:16:37,026 INFO o.a.j.r.p.AbstractSampleConsumer: class org.apache.jmeter.report.processor.graph.impl.ResponseTimeVSRequestGraphConsumer#stopProducing(): responseTimeVsRequest produced 0 samples
2023-08-29 13:16:37,026 INFO o.a.j.r.p.AbstractSampleConsumer: class org.apache.jmeter.report.processor.FilterConsumer#stopProducing(): startIntervalControlerFilter produced 105 samples
2023-08-29 13:16:37,027 INFO o.a.j.r.p.AbstractSampleConsumer: class org.apache.jmeter.report.processor.graph.impl.TotalTPSGraphConsumer#stopProducing(): totalTPS produced 0 samples
2023-08-29 13:16:37,027 INFO o.a.j.r.p.AbstractSampleConsumer: class org.apache.jmeter.report.processor.graph.impl.ActiveThreadsGraphConsumer#stopProducing(): activeThreadsOverTime produced 0 samples
2023-08-29 13:16:37,027 INFO o.a.j.r.p.AbstractSampleConsumer: class org.apache.jmeter.report.processor.graph.impl.TimeVSThreadGraphConsumer#stopProducing(): timeVsThreads produced 0 samples
2023-08-29 13:16:37,027 INFO o.a.j.r.p.AbstractSampleConsumer: class org.apache.jmeter.report.processor.graph.impl.ResponseTimeDistributionGraphConsumer#stopProducing(): responseTimeDistribution produced 0 samples
2023-08-29 13:16:37,027 INFO o.a.j.r.p.AbstractSampleConsumer: class org.apache.jmeter.report.processor.graph.impl.TransactionsPerSecondGraphConsumer#stopProducing(): transactionsPerSecond produced 0 samples
2023-08-29 13:16:37,027 INFO o.a.j.r.p.AbstractSampleConsumer: class org.apache.jmeter.report.processor.graph.impl.ResponseTimePercentilesGraphConsumer#stopProducing(): responseTimePercentiles produced 0 samples
2023-08-29 13:16:37,028 INFO o.a.j.r.p.AbstractSampleConsumer: class org.apache.jmeter.report.processor.graph.impl.ResponseTimePercentilesOverTimeGraphConsumer#stopProducing(): responseTimePercentilesOverTime produced 0 samples
2023-08-29 13:16:37,028 INFO o.a.j.r.p.AbstractSampleConsumer: class org.apache.jmeter.report.processor.graph.impl.ResponseTimeOverTimeGraphConsumer#stopProducing(): responseTimesOverTime produced 0 samples
2023-08-29 13:16:37,028 INFO o.a.j.r.p.AbstractSampleConsumer: class org.apache.jmeter.report.processor.graph.impl.ConnectTimeOverTimeGraphConsumer#stopProducing(): connectTimeOverTime produced 0 samples
2023-08-29 13:16:37,028 INFO o.a.j.r.p.AbstractSampleConsumer: class org.apache.jmeter.report.processor.graph.impl.LatencyOverTimeGraphConsumer#stopProducing(): latenciesOverTime produced 0 samples
2023-08-29 13:16:37,028 INFO o.a.j.r.p.AbstractSampleConsumer: class org.apache.jmeter.report.processor.FilterConsumer#stopProducing(): nameFilter produced 225 samples
2023-08-29 13:16:37,028 INFO o.a.j.r.p.AbstractSampleConsumer: class org.apache.jmeter.report.processor.FilterConsumer#stopProducing(): dateRangeFilter produced 45 samples
2023-08-29 13:16:37,028 INFO o.a.j.r.p.AbstractSampleConsumer: class org.apache.jmeter.report.processor.NormalizerSampleConsumer#stopProducing(): normalizer produced 15 samples
2023-08-29 13:16:37,028 INFO o.a.j.r.p.CsvFileSampleSource: produce(): 15 samples produced in 32ms on channel 0
2023-08-29 13:16:37,028 INFO o.a.j.r.d.ReportGenerator: Exporting data using exporter:'json' of className:'org.apache.jmeter.report.dashboard.JsonExporter'
2023-08-29 13:16:37,082 INFO o.a.j.r.d.JsonExporter: Found data for consumer statisticsSummary in context
2023-08-29 13:16:37,082 INFO o.a.j.r.d.JsonExporter: Creating statistics for overall
2023-08-29 13:16:37,082 INFO o.a.j.r.d.JsonExporter: Creating statistics for other transactions
2023-08-29 13:16:37,082 INFO o.a.j.r.d.JsonExporter: Checking output folder
2023-08-29 13:16:37,083 INFO o.a.j.r.d.JsonExporter: Writing statistics JSON to /Users/katiashki/Desktop/SummaryReport/statistics.json
2023-08-29 13:16:37,100 INFO o.a.j.r.d.ReportGenerator: Exporting data using exporter:'html' of className:'org.apache.jmeter.report.dashboard.HtmlTemplateExporter'
2023-08-29 13:16:37,101 INFO o.a.j.r.d.HtmlTemplateExporter: Will generate dashboard in folder: /Users/katiashki/Desktop/SummaryReport
2023-08-29 13:16:37,164 INFO o.a.j.r.d.HtmlTemplateExporter: Report will be generated in: /Users/katiashki/Desktop/SummaryReport, creating folder structure
2023-08-29 13:16:37,165 INFO o.a.j.r.d.TemplateVisitor: Copying folder from '/Users/katiashki/Desktop/EDUCATION/apache-jmeter-5.6.2/bin/report-template' to '/Users/katiashki/Desktop/SummaryReport', got message: /Users/katiashki/Desktop/SummaryReport, found non empty folder with following content [/Users/katiashki/Desktop/SummaryReport/statistics.json], will be ignored
